Build started 27/01/2016 17:09:53.
     1>Project "C:\Users\lab422\Desktop\Threading\ThreadingLab\ThreadingLab\ThreadingLab.vcxproj" on node 2 (Build target(s)).
     1>ClCompile:
         C:\Program Files (x86)\Microsoft Visual Studio 12.0\VC\bin\CL.exe /c /I"C:\SDL2-2.0.3\include" /I"C:\SDL2_image-2.0.0\include" /ZI /nologo /W3 /WX- /sdl /Od /Oy- /D WIN32 /D _DEBUG /D _CONSOLE /D _LIB /D _UNICODE /D UNICODE /Gm /EHsc /RTC1 /MDd /GS /fp:precise /Zc:wchar_t /Zc:forScope /Yu"stdafx.h" /Fp"Debug\ThreadingLab.pch" /Fo"Debug\\" /Fd"Debug\vc120.pdb" /Gd /TP /analyze- /errorReport:prompt Enemy.cpp
         Enemy.cpp
     1>c:\users\lab422\desktop\threading\threadinglab\threadinglab\enemy.h(10): warning C4150: deletion of pointer to incomplete type 'SDL_Texture'; no destructor called
                 c:\sdl2-2.0.3\include\sdl_render.h(127) : see declaration of 'SDL_Texture'
     1>c:\users\lab422\desktop\threading\threadinglab\threadinglab\enemy.cpp(13): warning C4244: 'initializing' : conversion from 'float' to 'int', possible loss of data
       Link:
         C:\Program Files (x86)\Microsoft Visual Studio 12.0\VC\bin\link.exe /ERRORREPORT:PROMPT /OUT:"C:\Users\lab422\Desktop\Threading\ThreadingLab\Debug\ThreadingLab.exe" /INCREMENTAL /NOLOGO /LIBPATH:"C:\SDL2-2.0.3\lib\x86" /LIBPATH:"C:\SDL2_image-2.0.0\lib\x86" SDL2.lib SDL2main.lib SDL2_image.lib kernel32.lib user32.lib gdi32.lib winspool.lib comdlg32.lib advapi32.lib shell32.lib ole32.lib oleaut32.lib uuid.lib odbc32.lib odbccp32.lib /MANIFEST /MANIFESTUAC:"level='asInvoker' uiAccess='false'" /manifest:embed /DEBUG /PDB:"C:\Users\lab422\Desktop\Threading\ThreadingLab\Debug\ThreadingLab.pdb" /SUBSYSTEM:CONSOLE /TLBID:1 /DYNAMICBASE /NXCOMPAT /IMPLIB:"C:\Users\lab422\Desktop\Threading\ThreadingLab\Debug\ThreadingLab.lib" /MACHINE:X86 Debug\Enemy.obj
         Debug\KeyBoardInput.obj
         Debug\Player.obj
         Debug\Renderer.obj
         Debug\Sprite.obj
         Debug\stdafx.obj
         Debug\ThreadingLab.obj
         ThreadingLab.vcxproj -> C:\Users\lab422\Desktop\Threading\ThreadingLab\Debug\ThreadingLab.exe
     1>Done Building Project "C:\Users\lab422\Desktop\Threading\ThreadingLab\ThreadingLab\ThreadingLab.vcxproj" (Build target(s)).

Build succeeded.

Time Elapsed 00:00:00.62
